[2025-03-15 10:00:00] [INFO] [Database] [Database server startup]
[2025-03-15 10:01:00] [INFO] [Database] [Schema validation completed]
[2025-03-15 10:02:00] [INFO] [Database] [Connection pool initialized]
[2025-03-15 10:03:00] [INFO] [Database] [Replication status: synchronized]
[2025-03-15 10:04:00] [INFO] [Database] [Backup scheduled for 02:00]
[2025-03-15 10:05:00] [INFO] [Database] [Query optimizer updated]
[2025-03-15 10:15:00] [WARNING] [Database] [Slow query detected: SELECT * FROM users WHERE last_login > '2025-01-01']
[2025-03-15 10:20:00] [INFO] [Database] [Index maintenance started]
[2025-03-15 10:25:00] [INFO] [Database] [Index maintenance completed]
[2025-03-15 10:30:00] [WARNING] [Database] [Connection pool reaching capacity (80%)]
[2025-03-15 10:35:00] [INFO] [Database] [Routine vacuum analysis started]
[2025-03-15 10:40:00] [INFO] [Database] [Routine vacuum completed]
[2025-03-15 10:45:00] [WARNING] [Database] [Disk space usage at 85%]
[2025-03-15 10:50:00] [INFO] [Database] [Cleanup job started]
[2025-03-15 10:55:00] [INFO] [Database] [Cleanup job completed: 5000 records archived]
[2025-03-15 11:00:00] [ERROR] [Database] [Replication lag detected]
[2025-03-15 11:00:15] [ERROR] [Database] [Replication failed for transaction 45892]
[2025-03-15 11:00:30] [ERROR] [Database] [Standby server unreachable]
[2025-03-15 11:00:45] [ERROR] [Database] [Primary-standby synchronization lost]
[2025-03-15 11:01:00] [ERROR] [Database] [Automatic failover initiated]
[2025-03-15 11:01:15] [ERROR] [Database] [Failover procedure failed]
[2025-03-15 11:05:00] [WARNING] [Database] [Operating in non-redundant mode]
[2025-03-15 11:10:00] [INFO] [Database] [Manual intervention required]
[2025-03-15 11:15:00] [INFO] [Database] [Administrator notified]
[2025-03-15 11:20:00] [INFO] [Database] [Emergency maintenance started]
[2025-03-15 11:30:00] [INFO] [Database] [Connection to standby re-established]
[2025-03-15 11:35:00] [INFO] [Database] [Replication restarted]
[2025-03-15 11:40:00] [INFO] [Database] [Replication catching up]
[2025-03-15 11:45:00] [INFO] [Database] [Replication synchronized]
[2025-03-15 11:50:00] [INFO] [Database] [System operating normally]