[2025-03-15 10:00:00] [INFO] [Server1] [System startup]
[2025-03-15 10:01:00] [INFO] [Server1] [Cache initialized]
[2025-03-15 10:02:00] [INFO] [Server1] [Database connection established]
[2025-03-15 10:03:00] [INFO] [Server1] [Web service started]
[2025-03-15 10:04:00] [WARNING] [Server1] [High memory usage detected]
[2025-03-15 10:05:00] [INFO] [Server1] [Processing request #1001]
[2025-03-15 10:06:00] [INFO] [Server1] [Processing request #1002]
[2025-03-15 10:07:00] [INFO] [Server1] [Processing request #1003]
[2025-03-15 10:08:00] [ERROR] [Server1] [Database connection timeout]
[2025-03-15 10:08:30] [ERROR] [Server1] [Database query failed]
[2025-03-15 10:09:00] [ERROR] [Server1] [Database connection lost]
[2025-03-15 10:09:30] [ERROR] [Server1] [Retry connection failed]
[2025-03-15 10:10:00] [ERROR] [Server1] [System in degraded state]
[2025-03-15 10:15:00] [INFO] [Server1] [Database connection re-established]
[2025-03-15 10:16:00] [INFO] [Server1] [System recovered]
[2025-03-15 10:30:00] [WARNING] [Server1] [High CPU usage detected]
[2025-03-15 10:35:00] [INFO] [Server1] [Processing request #1004]
[2025-03-15 10:40:00] [INFO] [Server1] [Processing request #1005]
[2025-03-15 10:45:00] [INFO] [Server1] [Periodic health check: OK]
[2025-03-15 11:00:00] [WARNING] [Server1] [Memory usage at 80%]
[2025-03-15 11:05:00] [WARNING] [Server1] [Disk space running low]
[2025-03-15 11:10:00] [WARNING] [Server1] [Network latency increased]
[2025-03-15 11:15:00] [ERROR] [Server1] [Out of memory error]
[2025-03-15 11:15:30] [ERROR] [Server1] [Service restart required]