[2025-03-15 10:00:00] [INFO] [Server2] [System startup]
[2025-03-15 10:01:30] [INFO] [Server2] [Cache initialized]
[2025-03-15 10:02:30] [INFO] [Server2] [Database connection established]
[2025-03-15 10:03:30] [INFO] [Server2] [Web service started]
[2025-03-15 10:05:30] [INFO] [Server2] [Processing request #2001]
[2025-03-15 10:10:00] [INFO] [Server2] [Processing request #2002]
[2025-03-15 10:15:00] [INFO] [Server2] [Processing request #2003]
[2025-03-15 10:20:00] [WARNING] [Server2] [Slow database response detected]
[2025-03-15 10:25:00] [WARNING] [Server2] [API rate limit approaching]
[2025-03-15 10:30:00] [ERROR] [Server2] [Authentication service unresponsive]
[2025-03-15 10:30:15] [ERROR] [Server2] [Authentication failure for user session]
[2025-03-15 10:30:30] [ERROR] [Server2] [Unable to validate credentials]
[2025-03-15 10:30:45] [ERROR] [Server2] [Authentication service timeout]
[2025-03-15 10:31:00] [ERROR] [Server2] [Authentication system unavailable]
[2025-03-15 10:31:15] [ERROR] [Server2] [Failed to reach authentication servers]
[2025-03-15 10:35:00] [WARNING] [Server2] [Failing over to backup authentication]
[2025-03-15 10:40:00] [INFO] [Server2] [Authentication service restored]
[2025-03-15 10:45:00] [INFO] [Server2] [Processing request #2004]
[2025-03-15 10:50:00] [INFO] [Server2] [Processing request #2005]
[2025-03-15 10:55:00] [INFO] [Server2] [Periodic health check: OK]
[2025-03-15 11:00:00] [WARNING] [Server2] [High thread count detected]
[2025-03-15 11:05:00] [INFO] [Server2] [Processing request #2006]
[2025-03-15 11:10:00] [WARNING] [Server2] [Cache efficiency degraded]
[2025-03-15 11:15:00] [WARNING] [Server2] [High network traffic]
[2025-03-15 11:20:00] [WARNING] [Server2] [High database connection pool usage]
[2025-03-15 11:20:15] [WARNING] [Server2] [Database connection pool near capacity]
[2025-03-15 11:20:30] [WARNING] [Server2] [Database performance degraded]
[2025-03-15 11:20:45] [WARNING] [Server2] [Query timeout thresholds reached]
[2025-03-15 11:21:00] [WARNING] [Server2] [Database server under high load]
[2025-03-15 11:21:15] [WARNING] [Server2] [Initiating connection throttling]